[ 2015-06-05T10:41:55+08:00 ] 192.168.0.125 /
INFO: [ app_init ] --START--
INFO: Run Behavior\BuildLiteBehavior [ RunTime:0.000020s ]
INFO: [ app_init ] --END-- [ RunTime:0.018140s ]
INFO: [ app_begin ] --START--
INFO: Run Behavior\ReadHtmlCacheBehavior [ RunTime:0.013512s ]
INFO: [ app_begin ] --END-- [ RunTime:0.013588s ]
NOTIC: [8192] mysql_connect(): The mysql extension is deprecated and will be removed in the future: use mysqli or PDO instead F:\project\blog\ThinkPHP\Library\Think\Db\Driver\Mysql.class.php 第 52 行.
SQL: SHOW COLUMNS FROM `mbg_daily` [ RunTime:0.033734s ]
SQL: SELECT * FROM `mbg_daily` WHERE ( status = 1  and is_recommend = 1 ) ORDER BY c_time LIMIT 5   [ RunTime:0.000884s ]
SQL: SHOW COLUMNS FROM `mbg_daily_type` [ RunTime:0.006058s ]
SQL: SELECT `type_name` FROM `mbg_daily_type` WHERE ( id=3 )  [ RunTime:0.000252s ]
SQL: SELECT `type_name` FROM `mbg_daily_type` WHERE ( id=2 )  [ RunTime:0.000175s ]
SQL: SELECT `type_name` FROM `mbg_daily_type` WHERE ( id=2 )  [ RunTime:0.000171s ]
SQL: SELECT `type_name` FROM `mbg_daily_type` WHERE ( id=2 )  [ RunTime:0.000173s ]
SQL: SELECT `type_name` FROM `mbg_daily_type` WHERE ( id=2 )  [ RunTime:0.000175s ]
INFO: [ view_parse ] --START--
INFO: [ template_filter ] --START--
INFO: Run Behavior\ContentReplaceBehavior [ RunTime:0.000071s ]
INFO: [ template_filter ] --END-- [ RunTime:0.000126s ]
SQL: SHOW COLUMNS FROM `mbg_daily_comment` [ RunTime:0.005701s ]
SQL: SELECT COUNT(*) AS tp_count FROM `mbg_daily_comment` WHERE ( dailyid=5 ) LIMIT 1   [ RunTime:0.000229s ]
SQL: SELECT COUNT(*) AS tp_count FROM `mbg_daily_comment` WHERE ( dailyid=6 ) LIMIT 1   [ RunTime:0.000149s ]
SQL: SELECT COUNT(*) AS tp_count FROM `mbg_daily_comment` WHERE ( dailyid=7 ) LIMIT 1   [ RunTime:0.000145s ]
SQL: SELECT COUNT(*) AS tp_count FROM `mbg_daily_comment` WHERE ( dailyid=8 ) LIMIT 1   [ RunTime:0.000142s ]
SQL: SELECT COUNT(*) AS tp_count FROM `mbg_daily_comment` WHERE ( dailyid=9 ) LIMIT 1   [ RunTime:0.000141s ]
SQL: SELECT `name`,`id` FROM `mbg_daily` WHERE ( status = 1 ) ORDER BY c_time desc LIMIT 8   [ RunTime:0.000254s ]
SQL: SELECT `name`,`id` FROM `mbg_daily` WHERE ( status = 1 and is_recommend = 1 ) ORDER BY c_time desc LIMIT 8   [ RunTime:0.000220s ]
INFO: Run Behavior\ParseTemplateBehavior [ RunTime:0.117094s ]
INFO: [ view_parse ] --END-- [ RunTime:0.117138s ]
INFO: [ view_filter ] --START--
INFO: Run Behavior\WriteHtmlCacheBehavior [ RunTime:0.005263s ]
INFO: [ view_filter ] --END-- [ RunTime:0.005320s ]
INFO: [ app_end ] --START--
INFO: Run Behavior\ShowPageTraceBehavior [ RunTime:0.023155s ]
INFO: [ app_end ] --END-- [ RunTime:0.023221s ]

